<?xml version="1.0" encoding="UTF-8"?>
<!-- Generated by org.testng.reporters.JUnitXMLReporter -->
<testsuite hostname="aj" ignored="0" name="Surefire test" tests="6" failures="0" timestamp="2020-03-23T18:53:35 IST" time="0.048" errors="0">
  <testcase name="Agile" time="0.005" classname="qaclickacademy.ApiumTest"/>
  <testcase name="jira" time="0.0" classname="qaclickacademy.ApiumTest"/>
  <testcase name="Postman" time="0.0" classname="qaclickacademy.RestApiTest"/>
  <testcase name="RestAPI" time="0.0" classname="qaclickacademy.RestApiTest"/>
  <testcase name="BrowserAutomation" time="0.0" classname="qaclickacademy.SeleniumTest"/>
  <testcase name="ElementsUi" time="0.0" classname="qaclickacademy.SeleniumTest"/>
</testsuite> <!-- Surefire test -->
